<?xml version="1.0" encoding="utf-8"?><testsuites name="pytest tests"><testsuite name="pytest" errors="0" failures="0" skipped="0" tests="6" time="48.268" timestamp="2026-08-12T00:42:40.688850+00:00" hostname="agent-env-d96bd30c-05d3-4bda-99d0-1d6e41562347"><testcase classname="tests.test_phase1_devolutiva_e2e" name="test_user_a_first_call_ok" time="24.883" /><testcase classname="tests.test_phase1_devolutiva_e2e" name="test_user_b_first_call_ok" time="21.650" /><testcase classname="tests.test_phase1_devolutiva_e2e" name="test_cross_user_no_cache_leak" time="0.001" /><testcase classname="tests.test_phase1_devolutiva_e2e" name="test_ten_questions_kept" time="0.000" /><testcase classname="tests.test_phase1_devolutiva_e2e" name="test_intra_user_reuse_same_content_id" time="1.185" /><testcase classname="tests.test_phase1_devolutiva_e2e" name="test_response_shape" time="0.001" /></testsuite></testsuites>